<?xml version="1.0" encoding="UTF-8"?>
<!-- Generated by org.testng.reporters.JUnitReportReporter -->
<testsuite skipped="0" hostname="Nallans-NewPC" name="com.qa.TestRunner.SignupTestRunner" tests="1" failures="0" timestamp="05 Feb 2018 05:13:52 GMT" time="89.587" errors="0">
  <testcase name="run_cukes" time="89.587" classname="com.qa.TestRunner.SignupTestRunner"/>
</testsuite> <!-- com.qa.TestRunner.SignupTestRunner -->
